<?xml version="1.0" encoding="UTF-8"?>
<testsuite xmlns:xsi="http://www.w3.org/2001/XMLSchema-instance" xsi:noNamespaceSchemaLocation="https://maven.apache.org/surefire/maven-surefire-plugin/xsd/surefire-test-report.xsd" name="com.hj.JavaSe.polymorphic.PhoneTest" time="0.019" tests="2" errors="0" skipped="0" failures="0">
  <properties>
[...]
</properties>
  <testcase name="testTwo" classname="com.hj.JavaSe.polymorphic.PhoneTest" time="0.003"/>
  <testcase name="test" classname="com.hj.JavaSe.polymorphic.PhoneTest" time="0.005"/>
</testsuite>